Using pre-set license
Built from '2020.3/staging' branch; Version is '2020.3.6f1 (338bb68529b2) revision 3378102'; Using compiler version '192528614'; Build Type 'Release'
OS: 'Windows 10 Pro; OS build 19042.928; Version 2009; 64bit' Language: 'ru' Physical Memory: 16340 MB
BatchMode: 1, IsHumanControllingUs: 0, StartBugReporterOnCrash: 0, Is64bit: 1, IsPro: 0

 COMMAND LINE ARGUMENTS:
C:\unity\2020.3.6f1\Editor\Unity.exe
-adb2
-batchMode
-noUpm
-name
AssetImportWorker0
-projectPath
E:/Intern Second Task/SHK-Unity
-logFile
Logs/AssetImportWorker0.log
-srvPort
63017
Successfully changed project path to: E:/Intern Second Task/SHK-Unity
E:/Intern Second Task/SHK-Unity
Using Asset Import Pipeline V2.
Refreshing native plugins compatible for Editor in 62.53 ms, found 0 plugins.
Preloading 0 native plugins for Editor in 0.00 ms.
Initialize engine version: 2020.3.6f1 (338bb68529b2)
[Subsystems] Discovering subsystems at path C:/unity/2020.3.6f1/Editor/Data/Resources/UnitySubsystems
[Subsystems] Discovering subsystems at path E:/Intern Second Task/SHK-Unity/Assets
GfxDevice: creating device client; threaded=0
Direct3D:
    Version:  Direct3D 11.0 [level 11.1]
    Renderer: NVIDIA GeForce GTX 1060 3GB (ID=0x1c02)
    Vendor:   
    VRAM:     2988 MB
    Driver:   27.21.14.5751
Initialize mono
Mono path[0] = 'C:/unity/2020.3.6f1/Editor/Data/Managed'
Mono path[1] = 'C:/unity/2020.3.6f1/Editor/Data/MonoBleedingEdge/lib/mono/unityjit'
Mono config path = 'C:/unity/2020.3.6f1/Editor/Data/MonoBleedingEdge/etc'
Using monoOptions --debugger-agent=transport=dt_socket,embedding=1,server=y,suspend=n,address=127.0.0.1:56064
Begin MonoManager ReloadAssembly
Registering precompiled unity dll's ...
Register platform support module: C:/unity/2020.3.6f1/Editor/Data/PlaybackEngines/WindowsStandaloneSupport/UnityEditor.WindowsStandalone.Extensions.dll
Registered in 0.003369 seconds.
Native extension for WindowsStandalone target not found
Refreshing native plugins compatible for Editor in 56.74 ms, found 0 plugins.
Preloading 0 native plugins for Editor in 0.00 ms.
Mono: successfully reloaded assembly
- Completed reload, in  3.355 seconds
Platform modules already initialized, skipping
Registering precompiled user dll's ...
Registered in 0.003773 seconds.
Begin MonoManager ReloadAssembly
Native extension for WindowsStandalone target not found
Refreshing native plugins compatible for Editor in 0.80 ms, found 0 plugins.
Preloading 0 native plugins for Editor in 0.00 ms.
Mono: successfully reloaded assembly
- Completed reload, in  1.595 seconds
Platform modules already initialized, skipping
========================================================================
Worker process is ready to serve import requests
Launched and connected shader compiler UnityShaderCompiler.exe after 0.06 seconds
Refreshing native plugins compatible for Editor in 0.85 ms, found 0 plugins.
Preloading 0 native plugins for Editor in 0.00 ms.
Unloading 1639 Unused Serialized files (Serialized files now loaded: 0)
System memory in use before: 70.6 MB.
System memory in use after: 70.6 MB.

Unloading 42 unused Assets to reduce memory usage. Loaded Objects now: 2060.
Total: 7.009500 ms (FindLiveObjects: 0.353200 ms CreateObjectMapping: 0.089200 ms MarkObjects: 6.473700 ms  DeleteObjects: 0.091800 ms)

========================================================================
Received Import Request.
  path: Assets/Group1/Scripts/Enemies/CollectableItems.cs
  artifactKey: Guid(254a2c1c221fa6d4fa0f9ebfe8800ac5) Importer(815301076,1909f56bfc062723c751e8b465ee728b)
Start importing Assets/Group1/Scripts/Enemies/CollectableItems.cs using Guid(254a2c1c221fa6d4fa0f9ebfe8800ac5) Importer(815301076,1909f56bfc062723c751e8b465ee728b)  -> (artifact id: '40c70c6059ab1913c04a5c571d05057e') in 0.135777 seconds
  Import took 0.139192 seconds .

========================================================================
Received Import Request.
  Time since last request: 10.370132 seconds.
  path: Assets/Group1/Scripts/Player/Player.cs
  artifactKey: Guid(80014948c9605e04585efd8653b660bf) Importer(815301076,1909f56bfc062723c751e8b465ee728b)
Start importing Assets/Group1/Scripts/Player/Player.cs using Guid(80014948c9605e04585efd8653b660bf) Importer(815301076,1909f56bfc062723c751e8b465ee728b)  -> (artifact id: '1ac7a9b085256baa6916dc1b1ce504ae') in 0.009740 seconds
  Import took 0.014025 seconds .

========================================================================
Received Import Request.
  Time since last request: 0.038603 seconds.
  path: Assets/Group1/Scripts/Player/Player.cs
  artifactKey: Guid(80014948c9605e04585efd8653b660bf) Importer(815301076,1909f56bfc062723c751e8b465ee728b)
Start importing Assets/Group1/Scripts/Player/Player.cs using Guid(80014948c9605e04585efd8653b660bf) Importer(815301076,1909f56bfc062723c751e8b465ee728b)  -> (artifact id: '1ac7a9b085256baa6916dc1b1ce504ae') in 0.004718 seconds
  Import took 0.009150 seconds .

========================================================================
Received Import Request.
  Time since last request: 33.578617 seconds.
  path: Assets/Group1/Scripts/Player/PlayerMove.cs
  artifactKey: Guid(4babfa23d481c41469164b27df5afd29) Importer(815301076,1909f56bfc062723c751e8b465ee728b)
Start importing Assets/Group1/Scripts/Player/PlayerMove.cs using Guid(4babfa23d481c41469164b27df5afd29) Importer(815301076,1909f56bfc062723c751e8b465ee728b)  -> (artifact id: '583b51ef3d6804893493368ce835c702') in 0.015109 seconds
  Import took 0.019498 seconds .

========================================================================
Received Import Request.
  Time since last request: 48.767149 seconds.
  path: Assets/Group1/Scripts/Player/PlayerMove.cs
  artifactKey: Guid(4babfa23d481c41469164b27df5afd29) Importer(815301076,1909f56bfc062723c751e8b465ee728b)
Start importing Assets/Group1/Scripts/Player/PlayerMove.cs using Guid(4babfa23d481c41469164b27df5afd29) Importer(815301076,1909f56bfc062723c751e8b465ee728b)  -> (artifact id: 'cb7b275ff5b58953a26113e131cacf84') in 0.004829 seconds
  Import took 0.008969 seconds .

========================================================================
Received Import Request.
  Time since last request: 5.570191 seconds.
  path: Assets/Group1/Scripts/Enemies/Enemy.cs
  artifactKey: Guid(377792ae3c2141f41aa9f57ad3495729) Importer(815301076,1909f56bfc062723c751e8b465ee728b)
Start importing Assets/Group1/Scripts/Enemies/Enemy.cs using Guid(377792ae3c2141f41aa9f57ad3495729) Importer(815301076,1909f56bfc062723c751e8b465ee728b)  -> (artifact id: '399abab81681d03c1399136b13b1e73d') in 0.013814 seconds
  Import took 0.017781 seconds .

========================================================================
Received Import Request.
  Time since last request: 5.938572 seconds.
  path: Assets/Group1/Scripts/Enemies/Speed.cs
  artifactKey: Guid(ccf823ef79a33474cbf00fd6b7b1e1f8) Importer(815301076,1909f56bfc062723c751e8b465ee728b)
Start importing Assets/Group1/Scripts/Enemies/Speed.cs using Guid(ccf823ef79a33474cbf00fd6b7b1e1f8) Importer(815301076,1909f56bfc062723c751e8b465ee728b)  -> (artifact id: '71074d35dc88e806bfe0db5da6d8c9c7') in 0.009452 seconds
  Import took 0.012812 seconds .

========================================================================
Received Import Request.
  Time since last request: 107.526163 seconds.
  path: Assets/Group1/Scripts/Enemies/Speed.cs
  artifactKey: Guid(ccf823ef79a33474cbf00fd6b7b1e1f8) Importer(815301076,1909f56bfc062723c751e8b465ee728b)
Start importing Assets/Group1/Scripts/Enemies/Speed.cs using Guid(ccf823ef79a33474cbf00fd6b7b1e1f8) Importer(815301076,1909f56bfc062723c751e8b465ee728b)  -> (artifact id: '2be8367c323afc2ea4040f6c7aab32d7') in 0.007307 seconds
  Import took 0.012293 seconds .

========================================================================
Received Prepare
Registering precompiled user dll's ...
Registered in 0.002845 seconds.
Begin MonoManager ReloadAssembly
Native extension for WindowsStandalone target not found
Refreshing native plugins compatible for Editor in 0.99 ms, found 0 plugins.
Preloading 0 native plugins for Editor in 0.00 ms.
Mono: successfully reloaded assembly
- Completed reload, in  1.472 seconds
Platform modules already initialized, skipping
Refreshing native plugins compatible for Editor in 0.75 ms, found 0 plugins.
Preloading 0 native plugins for Editor in 0.00 ms.
Unloading 1633 Unused Serialized files (Serialized files now loaded: 0)
System memory in use before: 70.4 MB.
System memory in use after: 70.5 MB.

Unloading 33 unused Assets to reduce memory usage. Loaded Objects now: 2063.
Total: 7.462500 ms (FindLiveObjects: 0.631900 ms CreateObjectMapping: 0.114400 ms MarkObjects: 6.683900 ms  DeleteObjects: 0.030800 ms)

========================================================================
Received Import Request.
  Time since last request: 286.796599 seconds.
  path: Assets/Group1/Scripts/Enemies/Speed.cs
  artifactKey: Guid(ccf823ef79a33474cbf00fd6b7b1e1f8) Importer(815301076,1909f56bfc062723c751e8b465ee728b)
Start importing Assets/Group1/Scripts/Enemies/Speed.cs using Guid(ccf823ef79a33474cbf00fd6b7b1e1f8) Importer(815301076,1909f56bfc062723c751e8b465ee728b)  -> (artifact id: '6d20f232ac7d58022d3931b5104d5609') in 0.009111 seconds
  Import took 0.012715 seconds .

========================================================================
Received Prepare
Registering precompiled user dll's ...
Registered in 0.002356 seconds.
Begin MonoManager ReloadAssembly
Native extension for WindowsStandalone target not found
Refreshing native plugins compatible for Editor in 0.79 ms, found 0 plugins.
Preloading 0 native plugins for Editor in 0.00 ms.
Mono: successfully reloaded assembly
- Completed reload, in  1.489 seconds
Platform modules already initialized, skipping
Refreshing native plugins compatible for Editor in 0.89 ms, found 0 plugins.
Preloading 0 native plugins for Editor in 0.00 ms.
Unloading 1633 Unused Serialized files (Serialized files now loaded: 0)
System memory in use before: 70.4 MB.
System memory in use after: 70.5 MB.

Unloading 33 unused Assets to reduce memory usage. Loaded Objects now: 2066.
Total: 7.060800 ms (FindLiveObjects: 0.324500 ms CreateObjectMapping: 0.082900 ms MarkObjects: 6.620100 ms  DeleteObjects: 0.031600 ms)

========================================================================
Received Prepare
Registering precompiled user dll's ...
Registered in 0.002488 seconds.
Begin MonoManager ReloadAssembly
Native extension for WindowsStandalone target not found
Refreshing native plugins compatible for Editor in 0.77 ms, found 0 plugins.
Preloading 0 native plugins for Editor in 0.00 ms.
Mono: successfully reloaded assembly
- Completed reload, in  1.445 seconds
Platform modules already initialized, skipping
Refreshing native plugins compatible for Editor in 0.74 ms, found 0 plugins.
Preloading 0 native plugins for Editor in 0.00 ms.
Unloading 1633 Unused Serialized files (Serialized files now loaded: 0)
System memory in use before: 70.5 MB.
System memory in use after: 70.6 MB.

Unloading 33 unused Assets to reduce memory usage. Loaded Objects now: 2069.
Total: 6.922900 ms (FindLiveObjects: 0.296500 ms CreateObjectMapping: 0.082800 ms MarkObjects: 6.510200 ms  DeleteObjects: 0.031900 ms)

AssetImportWorkerClient::OnTransportError - code=2 error=End of file
